0 info it worked if it ends with ok
1 verbose cli [ 'C:\\Program Files (x86)\\nodejs\\\\node.exe',
1 verbose cli   'C:\\Program Files (x86)\\nodejs\\node_modules\\npm\\bin\\npm-cli.js',
1 verbose cli   'run',
1 verbose cli   'start2' ]
2 info using npm@2.7.4
3 info using node@v0.12.2
4 verbose node symlink C:\Program Files (x86)\nodejs\\node.exe
5 verbose run-script [ 'prestart2', 'start2', 'poststart2' ]
6 info prestart2 angular-quickstart@1.0.0
7 info start2 angular-quickstart@1.0.0
8 verbose unsafe-perm in lifecycle true
9 info angular-quickstart@1.0.0 Failed to exec start2 script
10 verbose stack Error: angular-quickstart@1.0.0 start2: `tsc && concurrently "tsc -w" "lite-server" `
10 verbose stack Exit status 4294967295
10 verbose stack     at EventEmitter.<anonymous> (C:\Program Files (x86)\nodejs\node_modules\npm\lib\utils\lifecycle.js:213:16)
10 verbose stack     at EventEmitter.emit (events.js:110:17)
10 verbose stack     at ChildProcess.<anonymous> (C:\Program Files (x86)\nodejs\node_modules\npm\lib\utils\spawn.js:14:12)
10 verbose stack     at ChildProcess.emit (events.js:110:17)
10 verbose stack     at maybeClose (child_process.js:1015:16)
10 verbose stack     at Process.ChildProcess._handle.onexit (child_process.js:1087:5)
11 verbose pkgid angular-quickstart@1.0.0
12 verbose cwd d:\Meytap\Tryouts\Heroes
13 error Windows_NT 6.1.7601
14 error argv "C:\\Program Files (x86)\\nodejs\\\\node.exe" "C:\\Program Files (x86)\\nodejs\\node_modules\\npm\\bin\\npm-cli.js" "run" "start2"
15 error node v0.12.2
16 error npm  v2.7.4
17 error code ELIFECYCLE
18 error angular-quickstart@1.0.0 start2: `tsc && concurrently "tsc -w" "lite-server" `
18 error Exit status 4294967295
19 error Failed at the angular-quickstart@1.0.0 start2 script 'tsc && concurrently "tsc -w" "lite-server" '.
19 error This is most likely a problem with the angular-quickstart package,
19 error not with npm itself.
19 error Tell the author that this fails on your system:
19 error     tsc && concurrently "tsc -w" "lite-server"
19 error You can get their info via:
19 error     npm owner ls angular-quickstart
19 error There is likely additional logging output above.
20 verbose exit [ 1, true ]
